LOG:  using buffer replacement policy: 2q
LOG:  database system was shut down at 2012-10-22 22:19:33 PDT
LOG:  database system is ready to accept connections
LOG:  received smart shutdown request
LOG:  received fast shutdown request
LOG:  aborting any active transactions
LOG:  using buffer replacement policy: 2q
LOG:  database system was interrupted; last known up at 2012-10-22 22:20:00 PDT
LOG:  database system was not properly shut down; automatic recovery in progress
LOG:  record with zero length at 0/549790
LOG:  redo is not required
LOG:  database system is ready to accept connections
LOG:  using buffer replacement policy: 2q
LOG:  database system was interrupted; last known up at 2012-10-22 22:42:47 PDT
LOG:  database system was not properly shut down; automatic recovery in progress
LOG:  record with zero length at 0/5656EC
LOG:  redo is not required
LOG:  database system is ready to accept connections
LOG:  received smart shutdown request
LOG:  could not bind IPv4 socket: Address already in use
HINT:  Is another postmaster already running on port 11111? If not, wait a few seconds and retry.
WARNING:  could not create listen socket for "localhost"
FATAL:  could not create any TCP/IP sockets
LOG:  using buffer replacement policy: 2q
LOG:  database system was interrupted; last known up at 2012-10-22 23:26:34 PDT
LOG:  database system was not properly shut down; automatic recovery in progress
LOG:  record with zero length at 0/565730
LOG:  redo is not required
LOG:  database system is ready to accept connections
FATAL:  the database system is shutting down
LOG:  received smart shutdown request
LOG:  could not bind IPv4 socket: Address already in use
HINT:  Is another postmaster already running on port 12345? If not, wait a few seconds and retry.
WARNING:  could not create listen socket for "localhost"
FATAL:  could not create any TCP/IP sockets
LOG:  could not bind IPv4 socket: Address already in use
HINT:  Is another postmaster already running on port 11111? If not, wait a few seconds and retry.
WARNING:  could not create listen socket for "localhost"
FATAL:  could not create any TCP/IP sockets
LOG:  could not bind IPv4 socket: Address already in use
HINT:  Is another postmaster already running on port 11111? If not, wait a few seconds and retry.
WARNING:  could not create listen socket for "localhost"
FATAL:  could not create any TCP/IP sockets
LOG:  using buffer replacement policy: 2q
LOG:  database system was interrupted; last known up at 2012-10-22 23:39:10 PDT
LOG:  database system was not properly shut down; automatic recovery in progress
LOG:  record with zero length at 0/565774
LOG:  redo is not required
LOG:  database system is ready to accept connections
LOG:  received smart shutdown request
LOG:  shutting down
LOG:  database system is shut down
LOG:  using buffer replacement policy: 2q
LOG:  database system was shut down at 2012-10-22 23:49:13 PDT
LOG:  database system is ready to accept connections
LOG:  received smart shutdown request
LOG:  shutting down
LOG:  database system is shut down
LOG:  using buffer replacement policy: 2q
LOG:  database system was shut down at 2012-10-22 23:53:54 PDT
LOG:  database system is ready to accept connections
LOG:  received smart shutdown request
LOG:  shutting down
LOG:  database system is shut down
LOG:  using buffer replacement policy: 2q
LOG:  database system was shut down at 2012-10-22 23:57:31 PDT
LOG:  database system is ready to accept connections
LOG:  received smart shutdown request
LOG:  shutting down
LOG:  database system is shut down
LOG:  using buffer replacement policy: 2q
LOG:  database system was shut down at 2012-10-22 23:58:57 PDT
LOG:  database system is ready to accept connections
LOG:  received smart shutdown request
LOG:  shutting down
LOG:  database system is shut down
LOG:  using buffer replacement policy: 2q
LOG:  database system was shut down at 2012-10-24 14:11:42 PDT
LOG:  database system is ready to accept connections
LOG:  received smart shutdown request
LOG:  could not bind IPv4 socket: Address already in use
HINT:  Is another postmaster already running on port 11111? If not, wait a few seconds and retry.
WARNING:  could not create listen socket for "localhost"
FATAL:  could not create any TCP/IP sockets
LOG:  using buffer replacement policy: 2q
LOG:  database system was interrupted; last known up at 2012-10-24 14:11:57 PDT
LOG:  database system was not properly shut down; automatic recovery in progress
LOG:  record with zero length at 0/5659D8
LOG:  redo is not required
LOG:  database system is ready to accept connections
LOG:  received smart shutdown request
LOG:  shutting down
LOG:  database system is shut down
LOG:  using buffer replacement policy: 2q
LOG:  database system was shut down at 2012-10-24 14:24:31 PDT
LOG:  database system is ready to accept connections
LOG:  received smart shutdown request
LOG:  using buffer replacement policy: 2q
LOG:  database system was interrupted; last known up at 2012-10-24 14:27:38 PDT
LOG:  database system was not properly shut down; automatic recovery in progress
LOG:  record with zero length at 0/565A60
LOG:  redo is not required
LOG:  database system is ready to accept connections
LOG:  received smart shutdown request
LOG:  using buffer replacement policy: 2q
LOG:  database system was interrupted; last known up at 2012-10-24 14:58:32 PDT
LOG:  database system was not properly shut down; automatic recovery in progress
LOG:  record with zero length at 0/565AA4
LOG:  redo is not required
LOG:  database system is ready to accept connections
LOG:  GRADING: EVICT 19 at character 15
STATEMENT:  SELECT * FROM raw_r_tuples;
LOG:  GRADING: EVICT 25
STATEMENT:  SELECT * FROM raw_r_tuples;
LOG:  GRADING: EVICT 26
STATEMENT:  SELECT * FROM raw_r_tuples;
LOG:  GRADING: EVICT 28
STATEMENT:  SELECT * FROM raw_r_tuples;
LOG:  GRADING: EVICT  4
STATEMENT:  SELECT * FROM raw_r_tuples;
LOG:  GRADING: EVICT  5
STATEMENT:  SELECT * FROM raw_r_tuples;
LOG:  GRADING: EVICT 15
STATEMENT:  SELECT * FROM raw_r_tuples;
LOG:  GRADING: EVICT 16
STATEMENT:  SELECT * FROM raw_r_tuples;
LOG:  GRADING: EVICT  6
STATEMENT:  SELECT * FROM raw_r_tuples;
LOG:  GRADING: EVICT 12
STATEMENT:  SELECT * FROM raw_r_tuples;
LOG:  GRADING: EVICT 48
STATEMENT:  SELECT * FROM raw_r_tuples;
LOG:  GRADING: EVICT 49
STATEMENT:  SELECT * FROM raw_r_tuples;
LOG:  GRADING: EVICT  8
STATEMENT:  SELECT * FROM raw_r_tuples;
LOG:  GRADING: EVICT 11
STATEMENT:  SELECT * FROM raw_r_tuples;
LOG:  GRADING: EVICT  7
STATEMENT:  SELECT * FROM raw_r_tuples;
LOG:  GRADING: EVICT 23
STATEMENT:  SELECT * FROM raw_r_tuples;
LOG:  GRADING: EVICT 32
STATEMENT:  SELECT * FROM raw_r_tuples;
LOG:  GRADING: EVICT 34
STATEMENT:  SELECT * FROM raw_r_tuples;
LOG:  GRADING: EVICT 35
STATEMENT:  SELECT * FROM raw_r_tuples;
LOG:  GRADING: EVICT 24
STATEMENT:  SELECT * FROM raw_r_tuples;
LOG:  GRADING: EVICT 22
STATEMENT:  SELECT * FROM raw_r_tuples;
LOG:  GRADING: EVICT 31
STATEMENT:  SELECT * FROM raw_r_tuples;
LOG:  GRADING: EVICT 33
STATEMENT:  SELECT * FROM raw_r_tuples;
LOG:  GRADING: EVICT 36
STATEMENT:  SELECT * FROM raw_r_tuples;
LOG:  GRADING: EVICT 38
STATEMENT:  SELECT * FROM raw_r_tuples;
LOG:  GRADING: EVICT 40
STATEMENT:  SELECT * FROM raw_r_tuples;
LOG:  GRADING: EVICT 44
STATEMENT:  SELECT * FROM raw_r_tuples;
LOG:  GRADING: EVICT 47
STATEMENT:  SELECT * FROM raw_r_tuples;
LOG:  GRADING: EVICT 51
STATEMENT:  SELECT * FROM raw_r_tuples;
LOG:  GRADING: EVICT 52
STATEMENT:  SELECT * FROM raw_r_tuples;
LOG:  GRADING: EVICT 53
STATEMENT:  SELECT * FROM raw_r_tuples;
LOG:  GRADING: EVICT 54
STATEMENT:  SELECT * FROM raw_r_tuples;
LOG:  GRADING: EVICT 55
STATEMENT:  SELECT * FROM raw_r_tuples;
LOG:  GRADING: EVICT 56
STATEMENT:  SELECT * FROM raw_r_tuples;
LOG:  GRADING: EVICT 57
STATEMENT:  SELECT * FROM raw_r_tuples;
LOG:  GRADING: EVICT 59
STATEMENT:  SELECT * FROM raw_r_tuples;
LOG:  EXECUTOR STATISTICS
DETAIL:  ! system usage stats:
	!	0.061057 elapsed 0.008000 user 0.012001 system sec
	!	[0.012000 user 0.064004 sys total]
	!	432/0 [1944/192] filesystem blocks in/out
	!	0/20 [0/834] page faults/reclaims, 0 [0] swaps
	!	0 [0] signals rcvd, 0/0 [0/0] messages rcvd/sent
	!	1/46 [37/65] voluntary/involuntary context switches
	! buffer usage stats:
	!	Shared blocks:         27 read,          0 written, buffer hit rate = 0.00%
	!	Local  blocks:          0 read,          0 written, buffer hit rate = 0.00%
	!	Direct blocks:          0 read,          0 written
STATEMENT:  SELECT * FROM raw_r_tuples;
LOG:  EXECUTOR STATISTICS
DETAIL:  ! system usage stats:
	!	0.017470 elapsed 0.004001 user 0.004000 system sec
	!	[0.016001 user 0.072004 sys total]
	!	0/0 [1944/200] filesystem blocks in/out
	!	0/0 [0/836] page faults/reclaims, 0 [0] swaps
	!	0 [0] signals rcvd, 0/0 [0/0] messages rcvd/sent
	!	0/25 [38/94] voluntary/involuntary context switches
	! buffer usage stats:
	!	Shared blocks:          0 read,          0 written, buffer hit rate = 100.00%
	!	Local  blocks:          0 read,          0 written, buffer hit rate = 0.00%
	!	Direct blocks:          0 read,          0 written
STATEMENT:  SELECT * FROM raw_r_tuples;
LOG:  EXECUTOR STATISTICS
DETAIL:  ! system usage stats:
	!	0.026706 elapsed 0.008000 user 0.000000 system sec
	!	[0.024001 user 0.076004 sys total]
	!	0/0 [1944/200] filesystem blocks in/out
	!	0/0 [0/836] page faults/reclaims, 0 [0] swaps
	!	0 [0] signals rcvd, 0/0 [0/0] messages rcvd/sent
	!	0/15 [39/112] voluntary/involuntary context switches
	! buffer usage stats:
	!	Shared blocks:          0 read,          0 written, buffer hit rate = 100.00%
	!	Local  blocks:          0 read,          0 written, buffer hit rate = 0.00%
	!	Direct blocks:          0 read,          0 written
STATEMENT:  SELECT * FROM raw_r_tuples;
LOG:  GRADING: EVICT 37
STATEMENT:  SELECT * FROM raw_r_tuples r, raw_s_tuples s WHERE r.pkey = s.pkey;
LOG:  GRADING: EVICT 27
STATEMENT:  SELECT * FROM raw_r_tuples r, raw_s_tuples s WHERE r.pkey = s.pkey;
LOG:  GRADING: EVICT  3
STATEMENT:  SELECT * FROM raw_r_tuples r, raw_s_tuples s WHERE r.pkey = s.pkey;
LOG:  GRADING: EVICT 17
STATEMENT:  SELECT * FROM raw_r_tuples r, raw_s_tuples s WHERE r.pkey = s.pkey;
LOG:  GRADING: EVICT 21
STATEMENT:  SELECT * FROM raw_r_tuples r, raw_s_tuples s WHERE r.pkey = s.pkey;
LOG:  GRADING: EVICT 10
STATEMENT:  SELECT * FROM raw_r_tuples r, raw_s_tuples s WHERE r.pkey = s.pkey;
LOG:  GRADING: EVICT  2
STATEMENT:  SELECT * FROM raw_r_tuples r, raw_s_tuples s WHERE r.pkey = s.pkey;
LOG:  GRADING: EVICT  9
STATEMENT:  SELECT * FROM raw_r_tuples r, raw_s_tuples s WHERE r.pkey = s.pkey;
LOG:  GRADING: EVICT 13
STATEMENT:  SELECT * FROM raw_r_tuples r, raw_s_tuples s WHERE r.pkey = s.pkey;
LOG:  GRADING: EVICT 50
STATEMENT:  SELECT * FROM raw_r_tuples r, raw_s_tuples s WHERE r.pkey = s.pkey;
LOG:  GRADING: EVICT 43
STATEMENT:  SELECT * FROM raw_r_tuples r, raw_s_tuples s WHERE r.pkey = s.pkey;
LOG:  GRADING: EVICT 20
STATEMENT:  SELECT * FROM raw_r_tuples r, raw_s_tuples s WHERE r.pkey = s.pkey;
LOG:  GRADING: EVICT 14
STATEMENT:  SELECT * FROM raw_r_tuples r, raw_s_tuples s WHERE r.pkey = s.pkey;
LOG:  GRADING: EVICT 18
STATEMENT:  SELECT * FROM raw_r_tuples r, raw_s_tuples s WHERE r.pkey = s.pkey;
LOG:  GRADING: EVICT 29
STATEMENT:  SELECT * FROM raw_r_tuples r, raw_s_tuples s WHERE r.pkey = s.pkey;
LOG:  GRADING: EVICT 42
STATEMENT:  SELECT * FROM raw_r_tuples r, raw_s_tuples s WHERE r.pkey = s.pkey;
LOG:  GRADING: EVICT 30
STATEMENT:  SELECT * FROM raw_r_tuples r, raw_s_tuples s WHERE r.pkey = s.pkey;
LOG:  GRADING: EVICT 45
STATEMENT:  SELECT * FROM raw_r_tuples r, raw_s_tuples s WHERE r.pkey = s.pkey;
LOG:  GRADING: EVICT  1
STATEMENT:  SELECT * FROM raw_r_tuples r, raw_s_tuples s WHERE r.pkey = s.pkey;
LOG:  GRADING: EVICT  0
STATEMENT:  SELECT * FROM raw_r_tuples r, raw_s_tuples s WHERE r.pkey = s.pkey;
LOG:  GRADING: EVICT 58
STATEMENT:  SELECT * FROM raw_r_tuples r, raw_s_tuples s WHERE r.pkey = s.pkey;
LOG:  GRADING: EVICT 28
STATEMENT:  SELECT * FROM raw_r_tuples r, raw_s_tuples s WHERE r.pkey = s.pkey;
LOG:  GRADING: EVICT  6
STATEMENT:  SELECT * FROM raw_r_tuples r, raw_s_tuples s WHERE r.pkey = s.pkey;
LOG:  GRADING: EVICT 15
STATEMENT:  SELECT * FROM raw_r_tuples r, raw_s_tuples s WHERE r.pkey = s.pkey;
LOG:  GRADING: EVICT 48
STATEMENT:  SELECT * FROM raw_r_tuples r, raw_s_tuples s WHERE r.pkey = s.pkey;
LOG:  GRADING: EVICT 49
STATEMENT:  SELECT * FROM raw_r_tuples r, raw_s_tuples s WHERE r.pkey = s.pkey;
LOG:  GRADING: EVICT  8
STATEMENT:  SELECT * FROM raw_r_tuples r, raw_s_tuples s WHERE r.pkey = s.pkey;
LOG:  GRADING: EVICT 11
STATEMENT:  SELECT * FROM raw_r_tuples r, raw_s_tuples s WHERE r.pkey = s.pkey;
LOG:  GRADING: EVICT  7
STATEMENT:  SELECT * FROM raw_r_tuples r, raw_s_tuples s WHERE r.pkey = s.pkey;
LOG:  GRADING: EVICT 23
STATEMENT:  SELECT * FROM raw_r_tuples r, raw_s_tuples s WHERE r.pkey = s.pkey;
LOG:  GRADING: EVICT 32
STATEMENT:  SELECT * FROM raw_r_tuples r, raw_s_tuples s WHERE r.pkey = s.pkey;
LOG:  GRADING: EVICT 34
STATEMENT:  SELECT * FROM raw_r_tuples r, raw_s_tuples s WHERE r.pkey = s.pkey;
LOG:  GRADING: EVICT 60
STATEMENT:  SELECT * FROM raw_r_tuples r, raw_s_tuples s WHERE r.pkey = s.pkey;
LOG:  GRADING: EVICT 25
STATEMENT:  SELECT * FROM raw_r_tuples r, raw_s_tuples s WHERE r.pkey = s.pkey;
LOG:  GRADING: EVICT  5
STATEMENT:  SELECT * FROM raw_r_tuples r, raw_s_tuples s WHERE r.pkey = s.pkey;
LOG:  GRADING: EVICT 16
STATEMENT:  SELECT * FROM raw_r_tuples r, raw_s_tuples s WHERE r.pkey = s.pkey;
LOG:  GRADING: EVICT 37
STATEMENT:  SELECT * FROM raw_r_tuples r, raw_s_tuples s WHERE r.pkey = s.pkey;
LOG:  GRADING: EVICT 27
STATEMENT:  SELECT * FROM raw_r_tuples r, raw_s_tuples s WHERE r.pkey = s.pkey;
LOG:  GRADING: EVICT  3
STATEMENT:  SELECT * FROM raw_r_tuples r, raw_s_tuples s WHERE r.pkey = s.pkey;
LOG:  GRADING: EVICT 21
STATEMENT:  SELECT * FROM raw_r_tuples r, raw_s_tuples s WHERE r.pkey = s.pkey;
LOG:  GRADING: EVICT 10
STATEMENT:  SELECT * FROM raw_r_tuples r, raw_s_tuples s WHERE r.pkey = s.pkey;
LOG:  GRADING: EVICT  2
STATEMENT:  SELECT * FROM raw_r_tuples r, raw_s_tuples s WHERE r.pkey = s.pkey;
LOG:  GRADING: EVICT  9
STATEMENT:  SELECT * FROM raw_r_tuples r, raw_s_tuples s WHERE r.pkey = s.pkey;
LOG:  GRADING: EVICT 13
STATEMENT:  SELECT * FROM raw_r_tuples r, raw_s_tuples s WHERE r.pkey = s.pkey;
LOG:  GRADING: EVICT 43
STATEMENT:  SELECT * FROM raw_r_tuples r, raw_s_tuples s WHERE r.pkey = s.pkey;
LOG:  GRADING: EVICT 35
STATEMENT:  SELECT * FROM raw_r_tuples r, raw_s_tuples s WHERE r.pkey = s.pkey;
LOG:  GRADING: EVICT 24
STATEMENT:  SELECT * FROM raw_r_tuples r, raw_s_tuples s WHERE r.pkey = s.pkey;
LOG:  GRADING: EVICT 22
STATEMENT:  SELECT * FROM raw_r_tuples r, raw_s_tuples s WHERE r.pkey = s.pkey;
LOG:  GRADING: EVICT 31
STATEMENT:  SELECT * FROM raw_r_tuples r, raw_s_tuples s WHERE r.pkey = s.pkey;
LOG:  GRADING: EVICT 33
STATEMENT:  SELECT * FROM raw_r_tuples r, raw_s_tuples s WHERE r.pkey = s.pkey;
LOG:  GRADING: EVICT 36
STATEMENT:  SELECT * FROM raw_r_tuples r, raw_s_tuples s WHERE r.pkey = s.pkey;
LOG:  GRADING: EVICT 38
STATEMENT:  SELECT * FROM raw_r_tuples r, raw_s_tuples s WHERE r.pkey = s.pkey;
LOG:  GRADING: EVICT 40
STATEMENT:  SELECT * FROM raw_r_tuples r, raw_s_tuples s WHERE r.pkey = s.pkey;
LOG:  GRADING: EVICT 44
STATEMENT:  SELECT * FROM raw_r_tuples r, raw_s_tuples s WHERE r.pkey = s.pkey;
LOG:  GRADING: EVICT 47
STATEMENT:  SELECT * FROM raw_r_tuples r, raw_s_tuples s WHERE r.pkey = s.pkey;
LOG:  GRADING: EVICT 51
STATEMENT:  SELECT * FROM raw_r_tuples r, raw_s_tuples s WHERE r.pkey = s.pkey;
LOG:  GRADING: EVICT 52
STATEMENT:  SELECT * FROM raw_r_tuples r, raw_s_tuples s WHERE r.pkey = s.pkey;
LOG:  GRADING: EVICT 53
STATEMENT:  SELECT * FROM raw_r_tuples r, raw_s_tuples s WHERE r.pkey = s.pkey;
LOG:  GRADING: EVICT 54
STATEMENT:  SELECT * FROM raw_r_tuples r, raw_s_tuples s WHERE r.pkey = s.pkey;
LOG:  GRADING: EVICT 55
STATEMENT:  SELECT * FROM raw_r_tuples r, raw_s_tuples s WHERE r.pkey = s.pkey;
LOG:  GRADING: EVICT 56
STATEMENT:  SELECT * FROM raw_r_tuples r, raw_s_tuples s WHERE r.pkey = s.pkey;
LOG:  GRADING: EVICT 57
STATEMENT:  SELECT * FROM raw_r_tuples r, raw_s_tuples s WHERE r.pkey = s.pkey;
LOG:  GRADING: EVICT 59
STATEMENT:  SELECT * FROM raw_r_tuples r, raw_s_tuples s WHERE r.pkey = s.pkey;
LOG:  GRADING: EVICT 61
STATEMENT:  SELECT * FROM raw_r_tuples r, raw_s_tuples s WHERE r.pkey = s.pkey;
LOG:  GRADING: EVICT 62
STATEMENT:  SELECT * FROM raw_r_tuples r, raw_s_tuples s WHERE r.pkey = s.pkey;
LOG:  GRADING: EVICT 41
STATEMENT:  SELECT * FROM raw_r_tuples r, raw_s_tuples s WHERE r.pkey = s.pkey;
LOG:  GRADING: EVICT 19
STATEMENT:  SELECT * FROM raw_r_tuples r, raw_s_tuples s WHERE r.pkey = s.pkey;
LOG:  GRADING: EVICT 63
STATEMENT:  SELECT * FROM raw_r_tuples r, raw_s_tuples s WHERE r.pkey = s.pkey;
LOG:  GRADING: EVICT 17
STATEMENT:  SELECT * FROM raw_r_tuples r, raw_s_tuples s WHERE r.pkey = s.pkey;
LOG:  GRADING: EVICT 46
STATEMENT:  SELECT * FROM raw_r_tuples r, raw_s_tuples s WHERE r.pkey = s.pkey;
LOG:  GRADING: EVICT 39
STATEMENT:  SELECT * FROM raw_r_tuples r, raw_s_tuples s WHERE r.pkey = s.pkey;
LOG:  EXECUTOR STATISTICS
DETAIL:  ! system usage stats:
	!	2.352351 elapsed 0.808051 user 0.112007 system sec
	!	[0.836052 user 0.192012 sys total]
	!	432/16 [2712/232] filesystem blocks in/out
	!	0/6 [0/899] page faults/reclaims, 0 [0] swaps
	!	0 [0] signals rcvd, 0/0 [0/0] messages rcvd/sent
	!	3/242 [53/361] voluntary/involuntary context switches
	! buffer usage stats:
	!	Shared blocks:         53 read,          0 written, buffer hit rate = 99.92%
	!	Local  blocks:          0 read,          0 written, buffer hit rate = 0.00%
	!	Direct blocks:          0 read,          0 written
STATEMENT:  SELECT * FROM raw_r_tuples r, raw_s_tuples s WHERE r.pkey = s.pkey;
LOG:  EXECUTOR STATISTICS
DETAIL:  ! system usage stats:
	!	1.096709 elapsed 0.876055 user 0.068004 system sec
	!	[1.712107 user 0.264016 sys total]
	!	0/0 [2712/232] filesystem blocks in/out
	!	0/0 [0/900] page faults/reclaims, 0 [0] swaps
	!	0 [0] signals rcvd, 0/0 [0/0] messages rcvd/sent
	!	0/135 [56/498] voluntary/involuntary context switches
	! buffer usage stats:
	!	Shared blocks:          0 read,          0 written, buffer hit rate = 100.00%
	!	Local  blocks:          0 read,          0 written, buffer hit rate = 0.00%
	!	Direct blocks:          0 read,          0 written
STATEMENT:  SELECT * FROM raw_r_tuples r, raw_s_tuples s WHERE r.pkey = s.pkey;
LOG:  EXECUTOR STATISTICS
DETAIL:  ! system usage stats:
	!	1.100243 elapsed 0.912057 user 0.076004 system sec
	!	[2.624164 user 0.348021 sys total]
	!	0/0 [2712/240] filesystem blocks in/out
	!	0/0 [0/900] page faults/reclaims, 0 [0] swaps
	!	0 [0] signals rcvd, 0/0 [0/0] messages rcvd/sent
	!	0/147 [57/648] voluntary/involuntary context switches
	! buffer usage stats:
	!	Shared blocks:          0 read,          0 written, buffer hit rate = 100.00%
	!	Local  blocks:          0 read,          0 written, buffer hit rate = 0.00%
	!	Direct blocks:          0 read,          0 written
STATEMENT:  SELECT * FROM raw_r_tuples r, raw_s_tuples s WHERE r.pkey = s.pkey;
LOG:  received smart shutdown request
LOG:  shutting down
LOG:  database system is shut down
LOG:  using buffer replacement policy: 2q
LOG:  database system was shut down at 2012-10-24 15:53:21 PDT
LOG:  database system is ready to accept connections
LOG:  GRADING: EVICT 19 at character 15
STATEMENT:  SELECT * FROM raw_r_tuples;
LOG:  GRADING: EVICT 25
STATEMENT:  SELECT * FROM raw_r_tuples;
LOG:  GRADING: EVICT 26
STATEMENT:  SELECT * FROM raw_r_tuples;
LOG:  GRADING: EVICT 28
STATEMENT:  SELECT * FROM raw_r_tuples;
LOG:  GRADING: EVICT  4
STATEMENT:  SELECT * FROM raw_r_tuples;
LOG:  GRADING: EVICT  5
STATEMENT:  SELECT * FROM raw_r_tuples;
LOG:  GRADING: EVICT 15
STATEMENT:  SELECT * FROM raw_r_tuples;
LOG:  GRADING: EVICT 16
STATEMENT:  SELECT * FROM raw_r_tuples;
LOG:  GRADING: EVICT  6
STATEMENT:  SELECT * FROM raw_r_tuples;
LOG:  GRADING: EVICT 12
STATEMENT:  SELECT * FROM raw_r_tuples;
LOG:  GRADING: EVICT 48
STATEMENT:  SELECT * FROM raw_r_tuples;
LOG:  GRADING: EVICT 49
STATEMENT:  SELECT * FROM raw_r_tuples;
LOG:  GRADING: EVICT  8
STATEMENT:  SELECT * FROM raw_r_tuples;
LOG:  GRADING: EVICT 11
STATEMENT:  SELECT * FROM raw_r_tuples;
LOG:  GRADING: EVICT  7
STATEMENT:  SELECT * FROM raw_r_tuples;
LOG:  GRADING: EVICT 23
STATEMENT:  SELECT * FROM raw_r_tuples;
LOG:  GRADING: EVICT 32
STATEMENT:  SELECT * FROM raw_r_tuples;
LOG:  GRADING: EVICT 34
STATEMENT:  SELECT * FROM raw_r_tuples;
LOG:  GRADING: EVICT 35
STATEMENT:  SELECT * FROM raw_r_tuples;
LOG:  GRADING: EVICT 24
STATEMENT:  SELECT * FROM raw_r_tuples;
LOG:  GRADING: EVICT 22
STATEMENT:  SELECT * FROM raw_r_tuples;
LOG:  GRADING: EVICT 31
STATEMENT:  SELECT * FROM raw_r_tuples;
LOG:  GRADING: EVICT 33
STATEMENT:  SELECT * FROM raw_r_tuples;
LOG:  GRADING: EVICT 36
STATEMENT:  SELECT * FROM raw_r_tuples;
LOG:  GRADING: EVICT 38
STATEMENT:  SELECT * FROM raw_r_tuples;
LOG:  GRADING: EVICT 40
STATEMENT:  SELECT * FROM raw_r_tuples;
LOG:  GRADING: EVICT 44
STATEMENT:  SELECT * FROM raw_r_tuples;
LOG:  GRADING: EVICT 47
STATEMENT:  SELECT * FROM raw_r_tuples;
LOG:  GRADING: EVICT 51
STATEMENT:  SELECT * FROM raw_r_tuples;
LOG:  GRADING: EVICT 52
STATEMENT:  SELECT * FROM raw_r_tuples;
LOG:  GRADING: EVICT 53
STATEMENT:  SELECT * FROM raw_r_tuples;
LOG:  GRADING: EVICT 54
STATEMENT:  SELECT * FROM raw_r_tuples;
LOG:  GRADING: EVICT 55
STATEMENT:  SELECT * FROM raw_r_tuples;
LOG:  GRADING: EVICT 56
STATEMENT:  SELECT * FROM raw_r_tuples;
LOG:  GRADING: EVICT 57
STATEMENT:  SELECT * FROM raw_r_tuples;
LOG:  GRADING: EVICT 59
STATEMENT:  SELECT * FROM raw_r_tuples;
LOG:  EXECUTOR STATISTICS
DETAIL:  ! system usage stats:
	!	0.045845 elapsed 0.004000 user 0.012001 system sec
	!	[0.012000 user 0.032002 sys total]
	!	0/8 [0/200] filesystem blocks in/out
	!	0/20 [0/834] page faults/reclaims, 0 [0] swaps
	!	0 [0] signals rcvd, 0/0 [0/0] messages rcvd/sent
	!	0/53 [2/72] voluntary/involuntary context switches
	! buffer usage stats:
	!	Shared blocks:         27 read,          0 written, buffer hit rate = 0.00%
	!	Local  blocks:          0 read,          0 written, buffer hit rate = 0.00%
	!	Direct blocks:          0 read,          0 written
STATEMENT:  SELECT * FROM raw_r_tuples;
LOG:  EXECUTOR STATISTICS
DETAIL:  ! system usage stats:
	!	0.021160 elapsed 0.004001 user 0.008000 system sec
	!	[0.016001 user 0.040002 sys total]
	!	0/0 [0/200] filesystem blocks in/out
	!	0/0 [0/836] page faults/reclaims, 0 [0] swaps
	!	0 [0] signals rcvd, 0/0 [0/0] messages rcvd/sent
	!	0/25 [3/101] voluntary/involuntary context switches
	! buffer usage stats:
	!	Shared blocks:          0 read,          0 written, buffer hit rate = 100.00%
	!	Local  blocks:          0 read,          0 written, buffer hit rate = 0.00%
	!	Direct blocks:          0 read,          0 written
STATEMENT:  SELECT * FROM raw_r_tuples;
LOG:  EXECUTOR STATISTICS
DETAIL:  ! system usage stats:
	!	0.022988 elapsed 0.000000 user 0.012001 system sec
	!	[0.016001 user 0.056003 sys total]
	!	0/0 [0/208] filesystem blocks in/out
	!	0/0 [0/836] page faults/reclaims, 0 [0] swaps
	!	0 [0] signals rcvd, 0/0 [0/0] messages rcvd/sent
	!	0/22 [4/126] voluntary/involuntary context switches
	! buffer usage stats:
	!	Shared blocks:          0 read,          0 written, buffer hit rate = 100.00%
	!	Local  blocks:          0 read,          0 written, buffer hit rate = 0.00%
	!	Direct blocks:          0 read,          0 written
STATEMENT:  SELECT * FROM raw_r_tuples;
LOG:  GRADING: EVICT 37
STATEMENT:  SELECT * FROM raw_r_tuples r, raw_s_tuples s WHERE r.pkey = s.pkey;
LOG:  GRADING: EVICT 27
STATEMENT:  SELECT * FROM raw_r_tuples r, raw_s_tuples s WHERE r.pkey = s.pkey;
LOG:  GRADING: EVICT  3
STATEMENT:  SELECT * FROM raw_r_tuples r, raw_s_tuples s WHERE r.pkey = s.pkey;
LOG:  GRADING: EVICT 17
STATEMENT:  SELECT * FROM raw_r_tuples r, raw_s_tuples s WHERE r.pkey = s.pkey;
LOG:  GRADING: EVICT 21
STATEMENT:  SELECT * FROM raw_r_tuples r, raw_s_tuples s WHERE r.pkey = s.pkey;
LOG:  GRADING: EVICT 10
STATEMENT:  SELECT * FROM raw_r_tuples r, raw_s_tuples s WHERE r.pkey = s.pkey;
LOG:  GRADING: EVICT  2
STATEMENT:  SELECT * FROM raw_r_tuples r, raw_s_tuples s WHERE r.pkey = s.pkey;
LOG:  GRADING: EVICT  9
STATEMENT:  SELECT * FROM raw_r_tuples r, raw_s_tuples s WHERE r.pkey = s.pkey;
LOG:  GRADING: EVICT 13
STATEMENT:  SELECT * FROM raw_r_tuples r, raw_s_tuples s WHERE r.pkey = s.pkey;
LOG:  GRADING: EVICT 50
STATEMENT:  SELECT * FROM raw_r_tuples r, raw_s_tuples s WHERE r.pkey = s.pkey;
LOG:  GRADING: EVICT 43
STATEMENT:  SELECT * FROM raw_r_tuples r, raw_s_tuples s WHERE r.pkey = s.pkey;
LOG:  GRADING: EVICT 20
STATEMENT:  SELECT * FROM raw_r_tuples r, raw_s_tuples s WHERE r.pkey = s.pkey;
LOG:  GRADING: EVICT 14
STATEMENT:  SELECT * FROM raw_r_tuples r, raw_s_tuples s WHERE r.pkey = s.pkey;
LOG:  GRADING: EVICT 18
STATEMENT:  SELECT * FROM raw_r_tuples r, raw_s_tuples s WHERE r.pkey = s.pkey;
LOG:  GRADING: EVICT 29
STATEMENT:  SELECT * FROM raw_r_tuples r, raw_s_tuples s WHERE r.pkey = s.pkey;
LOG:  GRADING: EVICT 42
STATEMENT:  SELECT * FROM raw_r_tuples r, raw_s_tuples s WHERE r.pkey = s.pkey;
LOG:  GRADING: EVICT 30
STATEMENT:  SELECT * FROM raw_r_tuples r, raw_s_tuples s WHERE r.pkey = s.pkey;
LOG:  GRADING: EVICT 45
STATEMENT:  SELECT * FROM raw_r_tuples r, raw_s_tuples s WHERE r.pkey = s.pkey;
LOG:  GRADING: EVICT  1
STATEMENT:  SELECT * FROM raw_r_tuples r, raw_s_tuples s WHERE r.pkey = s.pkey;
LOG:  GRADING: EVICT  0
STATEMENT:  SELECT * FROM raw_r_tuples r, raw_s_tuples s WHERE r.pkey = s.pkey;
LOG:  GRADING: EVICT 58
STATEMENT:  SELECT * FROM raw_r_tuples r, raw_s_tuples s WHERE r.pkey = s.pkey;
LOG:  GRADING: EVICT 28
STATEMENT:  SELECT * FROM raw_r_tuples r, raw_s_tuples s WHERE r.pkey = s.pkey;
LOG:  GRADING: EVICT  6
STATEMENT:  SELECT * FROM raw_r_tuples r, raw_s_tuples s WHERE r.pkey = s.pkey;
LOG:  GRADING: EVICT 15
STATEMENT:  SELECT * FROM raw_r_tuples r, raw_s_tuples s WHERE r.pkey = s.pkey;
LOG:  GRADING: EVICT 48
STATEMENT:  SELECT * FROM raw_r_tuples r, raw_s_tuples s WHERE r.pkey = s.pkey;
LOG:  GRADING: EVICT 49
STATEMENT:  SELECT * FROM raw_r_tuples r, raw_s_tuples s WHERE r.pkey = s.pkey;
LOG:  GRADING: EVICT  8
STATEMENT:  SELECT * FROM raw_r_tuples r, raw_s_tuples s WHERE r.pkey = s.pkey;
LOG:  GRADING: EVICT 11
STATEMENT:  SELECT * FROM raw_r_tuples r, raw_s_tuples s WHERE r.pkey = s.pkey;
LOG:  GRADING: EVICT  7
STATEMENT:  SELECT * FROM raw_r_tuples r, raw_s_tuples s WHERE r.pkey = s.pkey;
LOG:  GRADING: EVICT 23
STATEMENT:  SELECT * FROM raw_r_tuples r, raw_s_tuples s WHERE r.pkey = s.pkey;
LOG:  GRADING: EVICT 32
STATEMENT:  SELECT * FROM raw_r_tuples r, raw_s_tuples s WHERE r.pkey = s.pkey;
LOG:  GRADING: EVICT 34
STATEMENT:  SELECT * FROM raw_r_tuples r, raw_s_tuples s WHERE r.pkey = s.pkey;
LOG:  GRADING: EVICT 60
STATEMENT:  SELECT * FROM raw_r_tuples r, raw_s_tuples s WHERE r.pkey = s.pkey;
LOG:  GRADING: EVICT 25
STATEMENT:  SELECT * FROM raw_r_tuples r, raw_s_tuples s WHERE r.pkey = s.pkey;
LOG:  GRADING: EVICT  5
STATEMENT:  SELECT * FROM raw_r_tuples r, raw_s_tuples s WHERE r.pkey = s.pkey;
LOG:  GRADING: EVICT 16
STATEMENT:  SELECT * FROM raw_r_tuples r, raw_s_tuples s WHERE r.pkey = s.pkey;
LOG:  GRADING: EVICT 37
STATEMENT:  SELECT * FROM raw_r_tuples r, raw_s_tuples s WHERE r.pkey = s.pkey;
LOG:  GRADING: EVICT 27
STATEMENT:  SELECT * FROM raw_r_tuples r, raw_s_tuples s WHERE r.pkey = s.pkey;
LOG:  GRADING: EVICT  3
STATEMENT:  SELECT * FROM raw_r_tuples r, raw_s_tuples s WHERE r.pkey = s.pkey;
LOG:  GRADING: EVICT 21
STATEMENT:  SELECT * FROM raw_r_tuples r, raw_s_tuples s WHERE r.pkey = s.pkey;
LOG:  GRADING: EVICT 10
STATEMENT:  SELECT * FROM raw_r_tuples r, raw_s_tuples s WHERE r.pkey = s.pkey;
LOG:  GRADING: EVICT  2
STATEMENT:  SELECT * FROM raw_r_tuples r, raw_s_tuples s WHERE r.pkey = s.pkey;
LOG:  GRADING: EVICT  9
STATEMENT:  SELECT * FROM raw_r_tuples r, raw_s_tuples s WHERE r.pkey = s.pkey;
LOG:  GRADING: EVICT 13
STATEMENT:  SELECT * FROM raw_r_tuples r, raw_s_tuples s WHERE r.pkey = s.pkey;
LOG:  GRADING: EVICT 43
STATEMENT:  SELECT * FROM raw_r_tuples r, raw_s_tuples s WHERE r.pkey = s.pkey;
LOG:  GRADING: EVICT 35
STATEMENT:  SELECT * FROM raw_r_tuples r, raw_s_tuples s WHERE r.pkey = s.pkey;
LOG:  GRADING: EVICT 24
STATEMENT:  SELECT * FROM raw_r_tuples r, raw_s_tuples s WHERE r.pkey = s.pkey;
LOG:  GRADING: EVICT 22
STATEMENT:  SELECT * FROM raw_r_tuples r, raw_s_tuples s WHERE r.pkey = s.pkey;
LOG:  GRADING: EVICT 31
STATEMENT:  SELECT * FROM raw_r_tuples r, raw_s_tuples s WHERE r.pkey = s.pkey;
LOG:  GRADING: EVICT 33
STATEMENT:  SELECT * FROM raw_r_tuples r, raw_s_tuples s WHERE r.pkey = s.pkey;
LOG:  GRADING: EVICT 36
STATEMENT:  SELECT * FROM raw_r_tuples r, raw_s_tuples s WHERE r.pkey = s.pkey;
LOG:  GRADING: EVICT 38
STATEMENT:  SELECT * FROM raw_r_tuples r, raw_s_tuples s WHERE r.pkey = s.pkey;
LOG:  GRADING: EVICT 40
STATEMENT:  SELECT * FROM raw_r_tuples r, raw_s_tuples s WHERE r.pkey = s.pkey;
LOG:  GRADING: EVICT 44
STATEMENT:  SELECT * FROM raw_r_tuples r, raw_s_tuples s WHERE r.pkey = s.pkey;
LOG:  GRADING: EVICT 47
STATEMENT:  SELECT * FROM raw_r_tuples r, raw_s_tuples s WHERE r.pkey = s.pkey;
LOG:  GRADING: EVICT 51
STATEMENT:  SELECT * FROM raw_r_tuples r, raw_s_tuples s WHERE r.pkey = s.pkey;
LOG:  GRADING: EVICT 52
STATEMENT:  SELECT * FROM raw_r_tuples r, raw_s_tuples s WHERE r.pkey = s.pkey;
LOG:  GRADING: EVICT 53
STATEMENT:  SELECT * FROM raw_r_tuples r, raw_s_tuples s WHERE r.pkey = s.pkey;
LOG:  GRADING: EVICT 54
STATEMENT:  SELECT * FROM raw_r_tuples r, raw_s_tuples s WHERE r.pkey = s.pkey;
LOG:  GRADING: EVICT 55
STATEMENT:  SELECT * FROM raw_r_tuples r, raw_s_tuples s WHERE r.pkey = s.pkey;
LOG:  GRADING: EVICT 56
STATEMENT:  SELECT * FROM raw_r_tuples r, raw_s_tuples s WHERE r.pkey = s.pkey;
LOG:  GRADING: EVICT 57
STATEMENT:  SELECT * FROM raw_r_tuples r, raw_s_tuples s WHERE r.pkey = s.pkey;
LOG:  GRADING: EVICT 59
STATEMENT:  SELECT * FROM raw_r_tuples r, raw_s_tuples s WHERE r.pkey = s.pkey;
LOG:  GRADING: EVICT 61
STATEMENT:  SELECT * FROM raw_r_tuples r, raw_s_tuples s WHERE r.pkey = s.pkey;
LOG:  GRADING: EVICT 62
STATEMENT:  SELECT * FROM raw_r_tuples r, raw_s_tuples s WHERE r.pkey = s.pkey;
LOG:  GRADING: EVICT 41
STATEMENT:  SELECT * FROM raw_r_tuples r, raw_s_tuples s WHERE r.pkey = s.pkey;
LOG:  GRADING: EVICT 19
STATEMENT:  SELECT * FROM raw_r_tuples r, raw_s_tuples s WHERE r.pkey = s.pkey;
LOG:  GRADING: EVICT 63
STATEMENT:  SELECT * FROM raw_r_tuples r, raw_s_tuples s WHERE r.pkey = s.pkey;
LOG:  GRADING: EVICT 17
STATEMENT:  SELECT * FROM raw_r_tuples r, raw_s_tuples s WHERE r.pkey = s.pkey;
LOG:  GRADING: EVICT 46
STATEMENT:  SELECT * FROM raw_r_tuples r, raw_s_tuples s WHERE r.pkey = s.pkey;
LOG:  GRADING: EVICT 39
STATEMENT:  SELECT * FROM raw_r_tuples r, raw_s_tuples s WHERE r.pkey = s.pkey;
LOG:  EXECUTOR STATISTICS
DETAIL:  ! system usage stats:
	!	1.395856 elapsed 0.764048 user 0.124008 system sec
	!	[0.784049 user 0.180011 sys total]
	!	0/8 [0/232] filesystem blocks in/out
	!	0/6 [0/899] page faults/reclaims, 0 [0] swaps
	!	0 [0] signals rcvd, 0/0 [0/0] messages rcvd/sent
	!	0/199 [5/329] voluntary/involuntary context switches
	! buffer usage stats:
	!	Shared blocks:         53 read,          0 written, buffer hit rate = 99.92%
	!	Local  blocks:          0 read,          0 written, buffer hit rate = 0.00%
	!	Direct blocks:          0 read,          0 written
STATEMENT:  SELECT * FROM raw_r_tuples r, raw_s_tuples s WHERE r.pkey = s.pkey;
LOG:  EXECUTOR STATISTICS
DETAIL:  ! system usage stats:
	!	1.106507 elapsed 0.832052 user 0.108007 system sec
	!	[1.616101 user 0.288018 sys total]
	!	0/0 [0/232] filesystem blocks in/out
	!	0/0 [0/900] page faults/reclaims, 0 [0] swaps
	!	0 [0] signals rcvd, 0/0 [0/0] messages rcvd/sent
	!	0/129 [6/462] voluntary/involuntary context switches
	! buffer usage stats:
	!	Shared blocks:          0 read,          0 written, buffer hit rate = 100.00%
	!	Local  blocks:          0 read,          0 written, buffer hit rate = 0.00%
	!	Direct blocks:          0 read,          0 written
STATEMENT:  SELECT * FROM raw_r_tuples r, raw_s_tuples s WHERE r.pkey = s.pkey;
LOG:  EXECUTOR STATISTICS
DETAIL:  ! system usage stats:
	!	1.185720 elapsed 0.956059 user 0.084005 system sec
	!	[2.572160 user 0.376023 sys total]
	!	0/0 [0/240] filesystem blocks in/out
	!	0/0 [0/900] page faults/reclaims, 0 [0] swaps
	!	0 [0] signals rcvd, 0/0 [0/0] messages rcvd/sent
	!	0/145 [7/610] voluntary/involuntary context switches
	! buffer usage stats:
	!	Shared blocks:          0 read,          0 written, buffer hit rate = 100.00%
	!	Local  blocks:          0 read,          0 written, buffer hit rate = 0.00%
	!	Direct blocks:          0 read,          0 written
STATEMENT:  SELECT * FROM raw_r_tuples r, raw_s_tuples s WHERE r.pkey = s.pkey;
LOG:  received smart shutdown request
LOG:  shutting down
LOG:  database system is shut down
