LOG:  using buffer replacement policy: 2q
LOG:  database system was shut down at 2012-10-24 15:54:39 PDT
LOG:  database system is ready to accept connections
LOG:  GRADING: EVICT 19
STATEMENT:  SELECT * FROM raw_r_tuples;
LOG:  GRADING: EVICT 25
STATEMENT:  SELECT * FROM raw_r_tuples;
LOG:  GRADING: EVICT 26
STATEMENT:  SELECT * FROM raw_r_tuples;
LOG:  GRADING: EVICT 28
STATEMENT:  SELECT * FROM raw_r_tuples;
LOG:  EXECUTOR STATISTICS
DETAIL:  ! system usage stats:
	!	0.057551 elapsed 0.004000 user 0.020001 system sec
	!	[0.012000 user 0.044002 sys total]
	!	0/8 [0/192] filesystem blocks in/out
	!	0/70 [0/897] page faults/reclaims, 0 [0] swaps
	!	0 [0] signals rcvd, 0/0 [0/0] messages rcvd/sent
	!	0/29 [2/40] voluntary/involuntary context switches
	! buffer usage stats:
	!	Shared blocks:         27 read,          0 written, buffer hit rate = 0.00%
	!	Local  blocks:          0 read,          0 written, buffer hit rate = 0.00%
	!	Direct blocks:          0 read,          0 written
STATEMENT:  SELECT * FROM raw_r_tuples;
LOG:  EXECUTOR STATISTICS
DETAIL:  ! system usage stats:
	!	0.023126 elapsed 0.004001 user 0.008000 system sec
	!	[0.016001 user 0.056003 sys total]
	!	0/0 [0/192] filesystem blocks in/out
	!	0/0 [0/902] page faults/reclaims, 0 [0] swaps
	!	0 [0] signals rcvd, 0/0 [0/0] messages rcvd/sent
	!	0/26 [3/71] voluntary/involuntary context switches
	! buffer usage stats:
	!	Shared blocks:          0 read,          0 written, buffer hit rate = 100.00%
	!	Local  blocks:          0 read,          0 written, buffer hit rate = 0.00%
	!	Direct blocks:          0 read,          0 written
STATEMENT:  SELECT * FROM raw_r_tuples;
LOG:  EXECUTOR STATISTICS
DETAIL:  ! system usage stats:
	!	0.025985 elapsed 0.000000 user 0.012001 system sec
	!	[0.016001 user 0.068004 sys total]
	!	0/0 [0/200] filesystem blocks in/out
	!	0/0 [0/902] page faults/reclaims, 0 [0] swaps
	!	0 [0] signals rcvd, 0/0 [0/0] messages rcvd/sent
	!	0/25 [4/99] voluntary/involuntary context switches
	! buffer usage stats:
	!	Shared blocks:          0 read,          0 written, buffer hit rate = 100.00%
	!	Local  blocks:          0 read,          0 written, buffer hit rate = 0.00%
	!	Direct blocks:          0 read,          0 written
STATEMENT:  SELECT * FROM raw_r_tuples;
LOG:  GRADING: EVICT  4
STATEMENT:  SELECT * FROM raw_r_tuples r, raw_s_tuples s WHERE r.pkey = s.pkey;
LOG:  GRADING: EVICT  5
STATEMENT:  SELECT * FROM raw_r_tuples r, raw_s_tuples s WHERE r.pkey = s.pkey;
LOG:  GRADING: EVICT 15
STATEMENT:  SELECT * FROM raw_r_tuples r, raw_s_tuples s WHERE r.pkey = s.pkey;
LOG:  GRADING: EVICT 16
STATEMENT:  SELECT * FROM raw_r_tuples r, raw_s_tuples s WHERE r.pkey = s.pkey;
LOG:  GRADING: EVICT  6
STATEMENT:  SELECT * FROM raw_r_tuples r, raw_s_tuples s WHERE r.pkey = s.pkey;
LOG:  GRADING: EVICT 12
STATEMENT:  SELECT * FROM raw_r_tuples r, raw_s_tuples s WHERE r.pkey = s.pkey;
LOG:  GRADING: EVICT 48
STATEMENT:  SELECT * FROM raw_r_tuples r, raw_s_tuples s WHERE r.pkey = s.pkey;
LOG:  GRADING: EVICT 49
STATEMENT:  SELECT * FROM raw_r_tuples r, raw_s_tuples s WHERE r.pkey = s.pkey;
LOG:  GRADING: EVICT  8
STATEMENT:  SELECT * FROM raw_r_tuples r, raw_s_tuples s WHERE r.pkey = s.pkey;
LOG:  GRADING: EVICT 11
STATEMENT:  SELECT * FROM raw_r_tuples r, raw_s_tuples s WHERE r.pkey = s.pkey;
LOG:  GRADING: EVICT  7
STATEMENT:  SELECT * FROM raw_r_tuples r, raw_s_tuples s WHERE r.pkey = s.pkey;
LOG:  GRADING: EVICT 23
STATEMENT:  SELECT * FROM raw_r_tuples r, raw_s_tuples s WHERE r.pkey = s.pkey;
LOG:  GRADING: EVICT 32
STATEMENT:  SELECT * FROM raw_r_tuples r, raw_s_tuples s WHERE r.pkey = s.pkey;
LOG:  GRADING: EVICT 34
STATEMENT:  SELECT * FROM raw_r_tuples r, raw_s_tuples s WHERE r.pkey = s.pkey;
LOG:  GRADING: EVICT 35
STATEMENT:  SELECT * FROM raw_r_tuples r, raw_s_tuples s WHERE r.pkey = s.pkey;
LOG:  GRADING: EVICT 37
STATEMENT:  SELECT * FROM raw_r_tuples r, raw_s_tuples s WHERE r.pkey = s.pkey;
LOG:  GRADING: EVICT 27
STATEMENT:  SELECT * FROM raw_r_tuples r, raw_s_tuples s WHERE r.pkey = s.pkey;
LOG:  GRADING: EVICT  3
STATEMENT:  SELECT * FROM raw_r_tuples r, raw_s_tuples s WHERE r.pkey = s.pkey;
LOG:  GRADING: EVICT 17
STATEMENT:  SELECT * FROM raw_r_tuples r, raw_s_tuples s WHERE r.pkey = s.pkey;
LOG:  GRADING: EVICT 21
STATEMENT:  SELECT * FROM raw_r_tuples r, raw_s_tuples s WHERE r.pkey = s.pkey;
LOG:  GRADING: EVICT 10
STATEMENT:  SELECT * FROM raw_r_tuples r, raw_s_tuples s WHERE r.pkey = s.pkey;
LOG:  GRADING: EVICT  2
STATEMENT:  SELECT * FROM raw_r_tuples r, raw_s_tuples s WHERE r.pkey = s.pkey;
LOG:  GRADING: EVICT  9
STATEMENT:  SELECT * FROM raw_r_tuples r, raw_s_tuples s WHERE r.pkey = s.pkey;
LOG:  GRADING: EVICT 13
STATEMENT:  SELECT * FROM raw_r_tuples r, raw_s_tuples s WHERE r.pkey = s.pkey;
LOG:  GRADING: EVICT 50
STATEMENT:  SELECT * FROM raw_r_tuples r, raw_s_tuples s WHERE r.pkey = s.pkey;
LOG:  GRADING: EVICT 43
STATEMENT:  SELECT * FROM raw_r_tuples r, raw_s_tuples s WHERE r.pkey = s.pkey;
LOG:  GRADING: EVICT 20
STATEMENT:  SELECT * FROM raw_r_tuples r, raw_s_tuples s WHERE r.pkey = s.pkey;
LOG:  GRADING: EVICT 14
STATEMENT:  SELECT * FROM raw_r_tuples r, raw_s_tuples s WHERE r.pkey = s.pkey;
LOG:  GRADING: EVICT 18
STATEMENT:  SELECT * FROM raw_r_tuples r, raw_s_tuples s WHERE r.pkey = s.pkey;
LOG:  GRADING: EVICT 29
STATEMENT:  SELECT * FROM raw_r_tuples r, raw_s_tuples s WHERE r.pkey = s.pkey;
LOG:  GRADING: EVICT 42
STATEMENT:  SELECT * FROM raw_r_tuples r, raw_s_tuples s WHERE r.pkey = s.pkey;
LOG:  GRADING: EVICT 22
STATEMENT:  SELECT * FROM raw_r_tuples r, raw_s_tuples s WHERE r.pkey = s.pkey;
LOG:  GRADING: EVICT 31
STATEMENT:  SELECT * FROM raw_r_tuples r, raw_s_tuples s WHERE r.pkey = s.pkey;
LOG:  GRADING: EVICT 33
STATEMENT:  SELECT * FROM raw_r_tuples r, raw_s_tuples s WHERE r.pkey = s.pkey;
LOG:  GRADING: EVICT 36
STATEMENT:  SELECT * FROM raw_r_tuples r, raw_s_tuples s WHERE r.pkey = s.pkey;
LOG:  GRADING: EVICT 38
STATEMENT:  SELECT * FROM raw_r_tuples r, raw_s_tuples s WHERE r.pkey = s.pkey;
LOG:  GRADING: EVICT 40
STATEMENT:  SELECT * FROM raw_r_tuples r, raw_s_tuples s WHERE r.pkey = s.pkey;
LOG:  GRADING: EVICT 44
STATEMENT:  SELECT * FROM raw_r_tuples r, raw_s_tuples s WHERE r.pkey = s.pkey;
LOG:  GRADING: EVICT 47
STATEMENT:  SELECT * FROM raw_r_tuples r, raw_s_tuples s WHERE r.pkey = s.pkey;
LOG:  GRADING: EVICT 51
STATEMENT:  SELECT * FROM raw_r_tuples r, raw_s_tuples s WHERE r.pkey = s.pkey;
LOG:  GRADING: EVICT 52
STATEMENT:  SELECT * FROM raw_r_tuples r, raw_s_tuples s WHERE r.pkey = s.pkey;
LOG:  GRADING: EVICT 53
STATEMENT:  SELECT * FROM raw_r_tuples r, raw_s_tuples s WHERE r.pkey = s.pkey;
LOG:  GRADING: EVICT 54
STATEMENT:  SELECT * FROM raw_r_tuples r, raw_s_tuples s WHERE r.pkey = s.pkey;
LOG:  GRADING: EVICT 55
STATEMENT:  SELECT * FROM raw_r_tuples r, raw_s_tuples s WHERE r.pkey = s.pkey;
LOG:  EXECUTOR STATISTICS
DETAIL:  ! system usage stats:
	!	1.163300 elapsed 0.896056 user 0.084006 system sec
	!	[0.912057 user 0.160010 sys total]
	!	0/8 [0/216] filesystem blocks in/out
	!	0/4 [0/964] page faults/reclaims, 0 [0] swaps
	!	0 [0] signals rcvd, 0/0 [0/0] messages rcvd/sent
	!	0/159 [5/278] voluntary/involuntary context switches
	! buffer usage stats:
	!	Shared blocks:         27 read,          0 written, buffer hit rate = 99.96%
	!	Local  blocks:          0 read,          0 written, buffer hit rate = 0.00%
	!	Direct blocks:          0 read,          0 written
STATEMENT:  SELECT * FROM raw_r_tuples r, raw_s_tuples s WHERE r.pkey = s.pkey;
LOG:  EXECUTOR STATISTICS
DETAIL:  ! system usage stats:
	!	1.157733 elapsed 0.936058 user 0.088005 system sec
	!	[1.848115 user 0.252015 sys total]
	!	0/0 [0/216] filesystem blocks in/out
	!	0/0 [0/965] page faults/reclaims, 0 [0] swaps
	!	0 [0] signals rcvd, 0/0 [0/0] messages rcvd/sent
	!	0/149 [6/431] voluntary/involuntary context switches
	! buffer usage stats:
	!	Shared blocks:          0 read,          0 written, buffer hit rate = 100.00%
	!	Local  blocks:          0 read,          0 written, buffer hit rate = 0.00%
	!	Direct blocks:          0 read,          0 written
STATEMENT:  SELECT * FROM raw_r_tuples r, raw_s_tuples s WHERE r.pkey = s.pkey;
LOG:  EXECUTOR STATISTICS
DETAIL:  ! system usage stats:
	!	1.139937 elapsed 0.768048 user 0.132009 system sec
	!	[2.620163 user 0.384024 sys total]
	!	0/0 [0/224] filesystem blocks in/out
	!	0/0 [0/965] page faults/reclaims, 0 [0] swaps
	!	0 [0] signals rcvd, 0/0 [0/0] messages rcvd/sent
	!	0/126 [7/560] voluntary/involuntary context switches
	! buffer usage stats:
	!	Shared blocks:          0 read,          0 written, buffer hit rate = 100.00%
	!	Local  blocks:          0 read,          0 written, buffer hit rate = 0.00%
	!	Direct blocks:          0 read,          0 written
STATEMENT:  SELECT * FROM raw_r_tuples r, raw_s_tuples s WHERE r.pkey = s.pkey;
LOG:  received smart shutdown request
LOG:  shutting down
LOG:  database system is shut down
LOG:  using buffer replacement policy: 2q
LOG:  database system was shut down at 2012-10-24 15:55:52 PDT
LOG:  database system is ready to accept connections
LOG:  GRADING: EVICT 19
STATEMENT:  SELECT * FROM raw_r_tuples;
LOG:  GRADING: EVICT 25
STATEMENT:  SELECT * FROM raw_r_tuples;
LOG:  GRADING: EVICT 26
STATEMENT:  SELECT * FROM raw_r_tuples;
LOG:  GRADING: EVICT 28
STATEMENT:  SELECT * FROM raw_r_tuples;
LOG:  EXECUTOR STATISTICS
DETAIL:  ! system usage stats:
	!	0.024632 elapsed 0.004000 user 0.012001 system sec
	!	[0.008000 user 0.020001 sys total]
	!	0/8 [0/192] filesystem blocks in/out
	!	0/70 [0/897] page faults/reclaims, 0 [0] swaps
	!	0 [0] signals rcvd, 0/0 [0/0] messages rcvd/sent
	!	0/30 [2/38] voluntary/involuntary context switches
	! buffer usage stats:
	!	Shared blocks:         27 read,          0 written, buffer hit rate = 0.00%
	!	Local  blocks:          0 read,          0 written, buffer hit rate = 0.00%
	!	Direct blocks:          0 read,          0 written
STATEMENT:  SELECT * FROM raw_r_tuples;
LOG:  EXECUTOR STATISTICS
DETAIL:  ! system usage stats:
	!	0.025560 elapsed 0.000000 user 0.012001 system sec
	!	[0.008000 user 0.036002 sys total]
	!	0/0 [0/192] filesystem blocks in/out
	!	0/0 [0/902] page faults/reclaims, 0 [0] swaps
	!	0 [0] signals rcvd, 0/0 [0/0] messages rcvd/sent
	!	0/25 [3/67] voluntary/involuntary context switches
	! buffer usage stats:
	!	Shared blocks:          0 read,          0 written, buffer hit rate = 100.00%
	!	Local  blocks:          0 read,          0 written, buffer hit rate = 0.00%
	!	Direct blocks:          0 read,          0 written
STATEMENT:  SELECT * FROM raw_r_tuples;
LOG:  GRADING: EVICT  4
STATEMENT:  SELECT * FROM raw_r_tuples r, raw_s_tuples s WHERE r.pkey = s.pkey;
LOG:  GRADING: EVICT  5
STATEMENT:  SELECT * FROM raw_r_tuples r, raw_s_tuples s WHERE r.pkey = s.pkey;
LOG:  GRADING: EVICT 15
STATEMENT:  SELECT * FROM raw_r_tuples r, raw_s_tuples s WHERE r.pkey = s.pkey;
LOG:  GRADING: EVICT 16
STATEMENT:  SELECT * FROM raw_r_tuples r, raw_s_tuples s WHERE r.pkey = s.pkey;
LOG:  GRADING: EVICT  6
STATEMENT:  SELECT * FROM raw_r_tuples r, raw_s_tuples s WHERE r.pkey = s.pkey;
LOG:  GRADING: EVICT 12
STATEMENT:  SELECT * FROM raw_r_tuples r, raw_s_tuples s WHERE r.pkey = s.pkey;
LOG:  GRADING: EVICT 48
STATEMENT:  SELECT * FROM raw_r_tuples r, raw_s_tuples s WHERE r.pkey = s.pkey;
LOG:  GRADING: EVICT 49
STATEMENT:  SELECT * FROM raw_r_tuples r, raw_s_tuples s WHERE r.pkey = s.pkey;
LOG:  GRADING: EVICT  8
STATEMENT:  SELECT * FROM raw_r_tuples r, raw_s_tuples s WHERE r.pkey = s.pkey;
LOG:  GRADING: EVICT 11
STATEMENT:  SELECT * FROM raw_r_tuples r, raw_s_tuples s WHERE r.pkey = s.pkey;
LOG:  GRADING: EVICT  7
STATEMENT:  SELECT * FROM raw_r_tuples r, raw_s_tuples s WHERE r.pkey = s.pkey;
LOG:  GRADING: EVICT 23
STATEMENT:  SELECT * FROM raw_r_tuples r, raw_s_tuples s WHERE r.pkey = s.pkey;
LOG:  GRADING: EVICT 32
STATEMENT:  SELECT * FROM raw_r_tuples r, raw_s_tuples s WHERE r.pkey = s.pkey;
LOG:  GRADING: EVICT 34
STATEMENT:  SELECT * FROM raw_r_tuples r, raw_s_tuples s WHERE r.pkey = s.pkey;
LOG:  GRADING: EVICT 35
STATEMENT:  SELECT * FROM raw_r_tuples r, raw_s_tuples s WHERE r.pkey = s.pkey;
LOG:  GRADING: EVICT 37
STATEMENT:  SELECT * FROM raw_r_tuples r, raw_s_tuples s WHERE r.pkey = s.pkey;
LOG:  GRADING: EVICT 27
STATEMENT:  SELECT * FROM raw_r_tuples r, raw_s_tuples s WHERE r.pkey = s.pkey;
LOG:  GRADING: EVICT  3
STATEMENT:  SELECT * FROM raw_r_tuples r, raw_s_tuples s WHERE r.pkey = s.pkey;
LOG:  GRADING: EVICT 17
STATEMENT:  SELECT * FROM raw_r_tuples r, raw_s_tuples s WHERE r.pkey = s.pkey;
LOG:  GRADING: EVICT 21
STATEMENT:  SELECT * FROM raw_r_tuples r, raw_s_tuples s WHERE r.pkey = s.pkey;
LOG:  GRADING: EVICT 10
STATEMENT:  SELECT * FROM raw_r_tuples r, raw_s_tuples s WHERE r.pkey = s.pkey;
LOG:  GRADING: EVICT  2
STATEMENT:  SELECT * FROM raw_r_tuples r, raw_s_tuples s WHERE r.pkey = s.pkey;
LOG:  GRADING: EVICT  9
STATEMENT:  SELECT * FROM raw_r_tuples r, raw_s_tuples s WHERE r.pkey = s.pkey;
LOG:  GRADING: EVICT 13
STATEMENT:  SELECT * FROM raw_r_tuples r, raw_s_tuples s WHERE r.pkey = s.pkey;
LOG:  GRADING: EVICT 50
STATEMENT:  SELECT * FROM raw_r_tuples r, raw_s_tuples s WHERE r.pkey = s.pkey;
LOG:  GRADING: EVICT 43
STATEMENT:  SELECT * FROM raw_r_tuples r, raw_s_tuples s WHERE r.pkey = s.pkey;
LOG:  GRADING: EVICT 20
STATEMENT:  SELECT * FROM raw_r_tuples r, raw_s_tuples s WHERE r.pkey = s.pkey;
LOG:  GRADING: EVICT 14
STATEMENT:  SELECT * FROM raw_r_tuples r, raw_s_tuples s WHERE r.pkey = s.pkey;
LOG:  GRADING: EVICT 18
STATEMENT:  SELECT * FROM raw_r_tuples r, raw_s_tuples s WHERE r.pkey = s.pkey;
LOG:  GRADING: EVICT 29
STATEMENT:  SELECT * FROM raw_r_tuples r, raw_s_tuples s WHERE r.pkey = s.pkey;
LOG:  GRADING: EVICT 42
STATEMENT:  SELECT * FROM raw_r_tuples r, raw_s_tuples s WHERE r.pkey = s.pkey;
LOG:  GRADING: EVICT 22
STATEMENT:  SELECT * FROM raw_r_tuples r, raw_s_tuples s WHERE r.pkey = s.pkey;
LOG:  GRADING: EVICT 31
STATEMENT:  SELECT * FROM raw_r_tuples r, raw_s_tuples s WHERE r.pkey = s.pkey;
LOG:  GRADING: EVICT 33
STATEMENT:  SELECT * FROM raw_r_tuples r, raw_s_tuples s WHERE r.pkey = s.pkey;
LOG:  GRADING: EVICT 36
STATEMENT:  SELECT * FROM raw_r_tuples r, raw_s_tuples s WHERE r.pkey = s.pkey;
LOG:  GRADING: EVICT 38
STATEMENT:  SELECT * FROM raw_r_tuples r, raw_s_tuples s WHERE r.pkey = s.pkey;
LOG:  GRADING: EVICT 40
STATEMENT:  SELECT * FROM raw_r_tuples r, raw_s_tuples s WHERE r.pkey = s.pkey;
LOG:  GRADING: EVICT 44
STATEMENT:  SELECT * FROM raw_r_tuples r, raw_s_tuples s WHERE r.pkey = s.pkey;
LOG:  GRADING: EVICT 47
STATEMENT:  SELECT * FROM raw_r_tuples r, raw_s_tuples s WHERE r.pkey = s.pkey;
LOG:  GRADING: EVICT 51
STATEMENT:  SELECT * FROM raw_r_tuples r, raw_s_tuples s WHERE r.pkey = s.pkey;
LOG:  GRADING: EVICT 52
STATEMENT:  SELECT * FROM raw_r_tuples r, raw_s_tuples s WHERE r.pkey = s.pkey;
LOG:  GRADING: EVICT 53
STATEMENT:  SELECT * FROM raw_r_tuples r, raw_s_tuples s WHERE r.pkey = s.pkey;
LOG:  GRADING: EVICT 54
STATEMENT:  SELECT * FROM raw_r_tuples r, raw_s_tuples s WHERE r.pkey = s.pkey;
LOG:  GRADING: EVICT 55
STATEMENT:  SELECT * FROM raw_r_tuples r, raw_s_tuples s WHERE r.pkey = s.pkey;
LOG:  EXECUTOR STATISTICS
DETAIL:  ! system usage stats:
	!	1.188337 elapsed 0.980061 user 0.048003 system sec
	!	[0.988061 user 0.092005 sys total]
	!	0/0 [0/208] filesystem blocks in/out
	!	0/4 [0/964] page faults/reclaims, 0 [0] swaps
	!	0 [0] signals rcvd, 0/0 [0/0] messages rcvd/sent
	!	0/178 [5/266] voluntary/involuntary context switches
	! buffer usage stats:
	!	Shared blocks:         27 read,          0 written, buffer hit rate = 99.96%
	!	Local  blocks:          0 read,          0 written, buffer hit rate = 0.00%
	!	Direct blocks:          0 read,          0 written
STATEMENT:  SELECT * FROM raw_r_tuples r, raw_s_tuples s WHERE r.pkey = s.pkey;
LOG:  EXECUTOR STATISTICS
DETAIL:  ! system usage stats:
	!	1.151199 elapsed 1.016064 user 0.036002 system sec
	!	[2.004125 user 0.132008 sys total]
	!	0/0 [0/216] filesystem blocks in/out
	!	0/0 [0/965] page faults/reclaims, 0 [0] swaps
	!	0 [0] signals rcvd, 0/0 [0/0] messages rcvd/sent
	!	0/149 [6/420] voluntary/involuntary context switches
	! buffer usage stats:
	!	Shared blocks:          0 read,          0 written, buffer hit rate = 100.00%
	!	Local  blocks:          0 read,          0 written, buffer hit rate = 0.00%
	!	Direct blocks:          0 read,          0 written
STATEMENT:  SELECT * FROM raw_r_tuples r, raw_s_tuples s WHERE r.pkey = s.pkey;
LOG:  received smart shutdown request
LOG:  shutting down
LOG:  database system is shut down
