LOG:  using buffer replacement policy: clock
LOG:  database system was shut down at 2012-10-24 15:22:50 PDT
LOG:  database system is ready to accept connections
LOG:  GRADING: EVICT  4 at character 15
STATEMENT:  SELECT * FROM raw_r_tuples;
LOG:  GRADING: EVICT  5
STATEMENT:  SELECT * FROM raw_r_tuples;
LOG:  GRADING: EVICT 15
STATEMENT:  SELECT * FROM raw_r_tuples;
LOG:  GRADING: EVICT 22
STATEMENT:  SELECT * FROM raw_r_tuples;
LOG:  GRADING: EVICT 31
STATEMENT:  SELECT * FROM raw_r_tuples;
LOG:  GRADING: EVICT 33
STATEMENT:  SELECT * FROM raw_r_tuples;
LOG:  GRADING: EVICT 36
STATEMENT:  SELECT * FROM raw_r_tuples;
LOG:  GRADING: EVICT 38
STATEMENT:  SELECT * FROM raw_r_tuples;
LOG:  GRADING: EVICT 40
STATEMENT:  SELECT * FROM raw_r_tuples;
LOG:  GRADING: EVICT 44
STATEMENT:  SELECT * FROM raw_r_tuples;
LOG:  GRADING: EVICT 47
STATEMENT:  SELECT * FROM raw_r_tuples;
LOG:  GRADING: EVICT 51
STATEMENT:  SELECT * FROM raw_r_tuples;
LOG:  GRADING: EVICT 52
STATEMENT:  SELECT * FROM raw_r_tuples;
LOG:  GRADING: EVICT 53
STATEMENT:  SELECT * FROM raw_r_tuples;
LOG:  GRADING: EVICT 54
STATEMENT:  SELECT * FROM raw_r_tuples;
LOG:  GRADING: EVICT 55
STATEMENT:  SELECT * FROM raw_r_tuples;
LOG:  GRADING: EVICT 56
STATEMENT:  SELECT * FROM raw_r_tuples;
LOG:  GRADING: EVICT 57
STATEMENT:  SELECT * FROM raw_r_tuples;
LOG:  GRADING: EVICT 59
STATEMENT:  SELECT * FROM raw_r_tuples;
LOG:  GRADING: EVICT 60
STATEMENT:  SELECT * FROM raw_r_tuples;
LOG:  GRADING: EVICT  0
STATEMENT:  SELECT * FROM raw_r_tuples;
LOG:  GRADING: EVICT  6
STATEMENT:  SELECT * FROM raw_r_tuples;
LOG:  GRADING: EVICT  8
STATEMENT:  SELECT * FROM raw_r_tuples;
LOG:  GRADING: EVICT 25
STATEMENT:  SELECT * FROM raw_r_tuples;
LOG:  GRADING: EVICT 26
STATEMENT:  SELECT * FROM raw_r_tuples;
LOG:  GRADING: EVICT 28
STATEMENT:  SELECT * FROM raw_r_tuples;
LOG:  GRADING: EVICT 58
STATEMENT:  SELECT * FROM raw_r_tuples;
LOG:  GRADING: EVICT 61
STATEMENT:  SELECT * FROM raw_r_tuples;
LOG:  GRADING: EVICT 62
STATEMENT:  SELECT * FROM raw_r_tuples;
LOG:  GRADING: EVICT 63
STATEMENT:  SELECT * FROM raw_r_tuples;
LOG:  GRADING: EVICT  1
STATEMENT:  SELECT * FROM raw_r_tuples;
LOG:  GRADING: EVICT  4
STATEMENT:  SELECT * FROM raw_r_tuples;
LOG:  GRADING: EVICT  5
STATEMENT:  SELECT * FROM raw_r_tuples;
LOG:  GRADING: EVICT  7
STATEMENT:  SELECT * FROM raw_r_tuples;
LOG:  GRADING: EVICT 32
STATEMENT:  SELECT * FROM raw_r_tuples;
LOG:  GRADING: EVICT 33
STATEMENT:  SELECT * FROM raw_r_tuples;
LOG:  EXECUTOR STATISTICS
DETAIL:  ! system usage stats:
	!	0.042671 elapsed 0.000000 user 0.016001 system sec
	!	[0.000000 user 0.028001 sys total]
	!	0/0 [0/192] filesystem blocks in/out
	!	0/22 [0/835] page faults/reclaims, 0 [0] swaps
	!	0 [0] signals rcvd, 0/0 [0/0] messages rcvd/sent
	!	0/47 [2/54] voluntary/involuntary context switches
	! buffer usage stats:
	!	Shared blocks:         27 read,          0 written, buffer hit rate = 0.00%
	!	Local  blocks:          0 read,          0 written, buffer hit rate = 0.00%
	!	Direct blocks:          0 read,          0 written
STATEMENT:  SELECT * FROM raw_r_tuples;
LOG:  EXECUTOR STATISTICS
DETAIL:  ! system usage stats:
	!	0.022354 elapsed 0.000000 user 0.016001 system sec
	!	[0.000000 user 0.044002 sys total]
	!	0/0 [0/192] filesystem blocks in/out
	!	0/0 [0/837] page faults/reclaims, 0 [0] swaps
	!	0 [0] signals rcvd, 0/0 [0/0] messages rcvd/sent
	!	0/25 [3/83] voluntary/involuntary context switches
	! buffer usage stats:
	!	Shared blocks:          0 read,          0 written, buffer hit rate = 100.00%
	!	Local  blocks:          0 read,          0 written, buffer hit rate = 0.00%
	!	Direct blocks:          0 read,          0 written
STATEMENT:  SELECT * FROM raw_r_tuples;
LOG:  EXECUTOR STATISTICS
DETAIL:  ! system usage stats:
	!	0.024209 elapsed 0.008000 user 0.004001 system sec
	!	[0.008000 user 0.048003 sys total]
	!	0/0 [0/200] filesystem blocks in/out
	!	0/0 [0/837] page faults/reclaims, 0 [0] swaps
	!	0 [0] signals rcvd, 0/0 [0/0] messages rcvd/sent
	!	0/21 [4/107] voluntary/involuntary context switches
	! buffer usage stats:
	!	Shared blocks:          0 read,          0 written, buffer hit rate = 100.00%
	!	Local  blocks:          0 read,          0 written, buffer hit rate = 0.00%
	!	Direct blocks:          0 read,          0 written
STATEMENT:  SELECT * FROM raw_r_tuples;
LOG:  GRADING: EVICT 34 at character 31
STATEMENT:  SELECT * FROM raw_r_tuples r, raw_s_tuples s WHERE r.pkey = s.pkey;
LOG:  GRADING: EVICT 35 at character 31
STATEMENT:  SELECT * FROM raw_r_tuples r, raw_s_tuples s WHERE r.pkey = s.pkey;
LOG:  GRADING: EVICT 37 at character 31
STATEMENT:  SELECT * FROM raw_r_tuples r, raw_s_tuples s WHERE r.pkey = s.pkey;
LOG:  GRADING: EVICT 38 at character 31
STATEMENT:  SELECT * FROM raw_r_tuples r, raw_s_tuples s WHERE r.pkey = s.pkey;
LOG:  GRADING: EVICT 48
STATEMENT:  SELECT * FROM raw_r_tuples r, raw_s_tuples s WHERE r.pkey = s.pkey;
LOG:  GRADING: EVICT 49
STATEMENT:  SELECT * FROM raw_r_tuples r, raw_s_tuples s WHERE r.pkey = s.pkey;
LOG:  GRADING: EVICT 10
STATEMENT:  SELECT * FROM raw_r_tuples r, raw_s_tuples s WHERE r.pkey = s.pkey;
LOG:  GRADING: EVICT 12
STATEMENT:  SELECT * FROM raw_r_tuples r, raw_s_tuples s WHERE r.pkey = s.pkey;
LOG:  GRADING: EVICT 22
STATEMENT:  SELECT * FROM raw_r_tuples r, raw_s_tuples s WHERE r.pkey = s.pkey;
LOG:  GRADING: EVICT 40
STATEMENT:  SELECT * FROM raw_r_tuples r, raw_s_tuples s WHERE r.pkey = s.pkey;
LOG:  GRADING: EVICT 44
STATEMENT:  SELECT * FROM raw_r_tuples r, raw_s_tuples s WHERE r.pkey = s.pkey;
LOG:  GRADING: EVICT 47
STATEMENT:  SELECT * FROM raw_r_tuples r, raw_s_tuples s WHERE r.pkey = s.pkey;
LOG:  GRADING: EVICT 51
STATEMENT:  SELECT * FROM raw_r_tuples r, raw_s_tuples s WHERE r.pkey = s.pkey;
LOG:  GRADING: EVICT 52
STATEMENT:  SELECT * FROM raw_r_tuples r, raw_s_tuples s WHERE r.pkey = s.pkey;
LOG:  GRADING: EVICT 53
STATEMENT:  SELECT * FROM raw_r_tuples r, raw_s_tuples s WHERE r.pkey = s.pkey;
LOG:  GRADING: EVICT 54
STATEMENT:  SELECT * FROM raw_r_tuples r, raw_s_tuples s WHERE r.pkey = s.pkey;
LOG:  GRADING: EVICT 55
STATEMENT:  SELECT * FROM raw_r_tuples r, raw_s_tuples s WHERE r.pkey = s.pkey;
LOG:  GRADING: EVICT 56
STATEMENT:  SELECT * FROM raw_r_tuples r, raw_s_tuples s WHERE r.pkey = s.pkey;
LOG:  GRADING: EVICT 57
STATEMENT:  SELECT * FROM raw_r_tuples r, raw_s_tuples s WHERE r.pkey = s.pkey;
LOG:  GRADING: EVICT 58
STATEMENT:  SELECT * FROM raw_r_tuples r, raw_s_tuples s WHERE r.pkey = s.pkey;
LOG:  GRADING: EVICT 59
STATEMENT:  SELECT * FROM raw_r_tuples r, raw_s_tuples s WHERE r.pkey = s.pkey;
LOG:  GRADING: EVICT 60
STATEMENT:  SELECT * FROM raw_r_tuples r, raw_s_tuples s WHERE r.pkey = s.pkey;
LOG:  GRADING: EVICT 61
STATEMENT:  SELECT * FROM raw_r_tuples r, raw_s_tuples s WHERE r.pkey = s.pkey;
LOG:  GRADING: EVICT 62
STATEMENT:  SELECT * FROM raw_r_tuples r, raw_s_tuples s WHERE r.pkey = s.pkey;
LOG:  GRADING: EVICT 63
STATEMENT:  SELECT * FROM raw_r_tuples r, raw_s_tuples s WHERE r.pkey = s.pkey;
LOG:  GRADING: EVICT  0
STATEMENT:  SELECT * FROM raw_r_tuples r, raw_s_tuples s WHERE r.pkey = s.pkey;
LOG:  GRADING: EVICT  1
STATEMENT:  SELECT * FROM raw_r_tuples r, raw_s_tuples s WHERE r.pkey = s.pkey;
LOG:  GRADING: EVICT  2
STATEMENT:  SELECT * FROM raw_r_tuples r, raw_s_tuples s WHERE r.pkey = s.pkey;
LOG:  GRADING: EVICT  3
STATEMENT:  SELECT * FROM raw_r_tuples r, raw_s_tuples s WHERE r.pkey = s.pkey;
LOG:  GRADING: EVICT  4
STATEMENT:  SELECT * FROM raw_r_tuples r, raw_s_tuples s WHERE r.pkey = s.pkey;
LOG:  GRADING: EVICT  5
STATEMENT:  SELECT * FROM raw_r_tuples r, raw_s_tuples s WHERE r.pkey = s.pkey;
LOG:  GRADING: EVICT  6
STATEMENT:  SELECT * FROM raw_r_tuples r, raw_s_tuples s WHERE r.pkey = s.pkey;
LOG:  GRADING: EVICT  7
STATEMENT:  SELECT * FROM raw_r_tuples r, raw_s_tuples s WHERE r.pkey = s.pkey;
LOG:  GRADING: EVICT  8
STATEMENT:  SELECT * FROM raw_r_tuples r, raw_s_tuples s WHERE r.pkey = s.pkey;
LOG:  GRADING: EVICT  9
STATEMENT:  SELECT * FROM raw_r_tuples r, raw_s_tuples s WHERE r.pkey = s.pkey;
LOG:  GRADING: EVICT 11
STATEMENT:  SELECT * FROM raw_r_tuples r, raw_s_tuples s WHERE r.pkey = s.pkey;
LOG:  GRADING: EVICT 13
STATEMENT:  SELECT * FROM raw_r_tuples r, raw_s_tuples s WHERE r.pkey = s.pkey;
LOG:  GRADING: EVICT 14
STATEMENT:  SELECT * FROM raw_r_tuples r, raw_s_tuples s WHERE r.pkey = s.pkey;
LOG:  GRADING: EVICT 16
STATEMENT:  SELECT * FROM raw_r_tuples r, raw_s_tuples s WHERE r.pkey = s.pkey;
LOG:  GRADING: EVICT 17
STATEMENT:  SELECT * FROM raw_r_tuples r, raw_s_tuples s WHERE r.pkey = s.pkey;
LOG:  GRADING: EVICT 18
STATEMENT:  SELECT * FROM raw_r_tuples r, raw_s_tuples s WHERE r.pkey = s.pkey;
LOG:  GRADING: EVICT 19
STATEMENT:  SELECT * FROM raw_r_tuples r, raw_s_tuples s WHERE r.pkey = s.pkey;
LOG:  GRADING: EVICT 20
STATEMENT:  SELECT * FROM raw_r_tuples r, raw_s_tuples s WHERE r.pkey = s.pkey;
LOG:  GRADING: EVICT 21
STATEMENT:  SELECT * FROM raw_r_tuples r, raw_s_tuples s WHERE r.pkey = s.pkey;
LOG:  GRADING: EVICT 23
STATEMENT:  SELECT * FROM raw_r_tuples r, raw_s_tuples s WHERE r.pkey = s.pkey;
LOG:  GRADING: EVICT 25
STATEMENT:  SELECT * FROM raw_r_tuples r, raw_s_tuples s WHERE r.pkey = s.pkey;
LOG:  GRADING: EVICT 26
STATEMENT:  SELECT * FROM raw_r_tuples r, raw_s_tuples s WHERE r.pkey = s.pkey;
LOG:  GRADING: EVICT 27
STATEMENT:  SELECT * FROM raw_r_tuples r, raw_s_tuples s WHERE r.pkey = s.pkey;
LOG:  GRADING: EVICT 28
STATEMENT:  SELECT * FROM raw_r_tuples r, raw_s_tuples s WHERE r.pkey = s.pkey;
LOG:  GRADING: EVICT 29
STATEMENT:  SELECT * FROM raw_r_tuples r, raw_s_tuples s WHERE r.pkey = s.pkey;
LOG:  GRADING: EVICT 30
STATEMENT:  SELECT * FROM raw_r_tuples r, raw_s_tuples s WHERE r.pkey = s.pkey;
LOG:  GRADING: EVICT 32
STATEMENT:  SELECT * FROM raw_r_tuples r, raw_s_tuples s WHERE r.pkey = s.pkey;
LOG:  GRADING: EVICT 33
STATEMENT:  SELECT * FROM raw_r_tuples r, raw_s_tuples s WHERE r.pkey = s.pkey;
LOG:  GRADING: EVICT 36
STATEMENT:  SELECT * FROM raw_r_tuples r, raw_s_tuples s WHERE r.pkey = s.pkey;
LOG:  GRADING: EVICT 42
STATEMENT:  SELECT * FROM raw_r_tuples r, raw_s_tuples s WHERE r.pkey = s.pkey;
LOG:  GRADING: EVICT 43
STATEMENT:  SELECT * FROM raw_r_tuples r, raw_s_tuples s WHERE r.pkey = s.pkey;
LOG:  GRADING: EVICT 45
STATEMENT:  SELECT * FROM raw_r_tuples r, raw_s_tuples s WHERE r.pkey = s.pkey;
LOG:  GRADING: EVICT 48
STATEMENT:  SELECT * FROM raw_r_tuples r, raw_s_tuples s WHERE r.pkey = s.pkey;
LOG:  GRADING: EVICT 49
STATEMENT:  SELECT * FROM raw_r_tuples r, raw_s_tuples s WHERE r.pkey = s.pkey;
LOG:  GRADING: EVICT 50
STATEMENT:  SELECT * FROM raw_r_tuples r, raw_s_tuples s WHERE r.pkey = s.pkey;
LOG:  GRADING: EVICT 10
STATEMENT:  SELECT * FROM raw_r_tuples r, raw_s_tuples s WHERE r.pkey = s.pkey;
LOG:  GRADING: EVICT 22
STATEMENT:  SELECT * FROM raw_r_tuples r, raw_s_tuples s WHERE r.pkey = s.pkey;
LOG:  GRADING: EVICT 34
STATEMENT:  SELECT * FROM raw_r_tuples r, raw_s_tuples s WHERE r.pkey = s.pkey;
LOG:  GRADING: EVICT 35
STATEMENT:  SELECT * FROM raw_r_tuples r, raw_s_tuples s WHERE r.pkey = s.pkey;
LOG:  GRADING: EVICT 40
STATEMENT:  SELECT * FROM raw_r_tuples r, raw_s_tuples s WHERE r.pkey = s.pkey;
LOG:  GRADING: EVICT 44
STATEMENT:  SELECT * FROM raw_r_tuples r, raw_s_tuples s WHERE r.pkey = s.pkey;
LOG:  GRADING: EVICT 47
STATEMENT:  SELECT * FROM raw_r_tuples r, raw_s_tuples s WHERE r.pkey = s.pkey;
LOG:  GRADING: EVICT 51
STATEMENT:  SELECT * FROM raw_r_tuples r, raw_s_tuples s WHERE r.pkey = s.pkey;
LOG:  GRADING: EVICT 52
STATEMENT:  SELECT * FROM raw_r_tuples r, raw_s_tuples s WHERE r.pkey = s.pkey;
LOG:  GRADING: EVICT 53
STATEMENT:  SELECT * FROM raw_r_tuples r, raw_s_tuples s WHERE r.pkey = s.pkey;
LOG:  GRADING: EVICT 54
STATEMENT:  SELECT * FROM raw_r_tuples r, raw_s_tuples s WHERE r.pkey = s.pkey;
LOG:  GRADING: EVICT 55
STATEMENT:  SELECT * FROM raw_r_tuples r, raw_s_tuples s WHERE r.pkey = s.pkey;
LOG:  GRADING: EVICT 56
STATEMENT:  SELECT * FROM raw_r_tuples r, raw_s_tuples s WHERE r.pkey = s.pkey;
LOG:  GRADING: EVICT 58
STATEMENT:  SELECT * FROM raw_r_tuples r, raw_s_tuples s WHERE r.pkey = s.pkey;
LOG:  GRADING: EVICT 59
STATEMENT:  SELECT * FROM raw_r_tuples r, raw_s_tuples s WHERE r.pkey = s.pkey;
LOG:  EXECUTOR STATISTICS
DETAIL:  ! system usage stats:
	!	1.456159 elapsed 0.860054 user 0.116007 system sec
	!	[0.868054 user 0.168010 sys total]
	!	0/8 [0/224] filesystem blocks in/out
	!	0/4 [0/898] page faults/reclaims, 0 [0] swaps
	!	0 [0] signals rcvd, 0/0 [0/0] messages rcvd/sent
	!	0/243 [5/354] voluntary/involuntary context switches
	! buffer usage stats:
	!	Shared blocks:         54 read,          0 written, buffer hit rate = 99.92%
	!	Local  blocks:          0 read,          0 written, buffer hit rate = 0.00%
	!	Direct blocks:          0 read,          0 written
STATEMENT:  SELECT * FROM raw_r_tuples r, raw_s_tuples s WHERE r.pkey = s.pkey;
LOG:  EXECUTOR STATISTICS
DETAIL:  ! system usage stats:
	!	1.149890 elapsed 0.712044 user 0.128008 system sec
	!	[1.580098 user 0.300018 sys total]
	!	0/0 [0/232] filesystem blocks in/out
	!	0/0 [0/899] page faults/reclaims, 0 [0] swaps
	!	0 [0] signals rcvd, 0/0 [0/0] messages rcvd/sent
	!	0/125 [6/483] voluntary/involuntary context switches
	! buffer usage stats:
	!	Shared blocks:          0 read,          0 written, buffer hit rate = 100.00%
	!	Local  blocks:          0 read,          0 written, buffer hit rate = 0.00%
	!	Direct blocks:          0 read,          0 written
STATEMENT:  SELECT * FROM raw_r_tuples r, raw_s_tuples s WHERE r.pkey = s.pkey;
LOG:  EXECUTOR STATISTICS
DETAIL:  ! system usage stats:
	!	1.108341 elapsed 0.684043 user 0.144009 system sec
	!	[2.264141 user 0.444027 sys total]
	!	0/0 [0/240] filesystem blocks in/out
	!	0/0 [0/899] page faults/reclaims, 0 [0] swaps
	!	0 [0] signals rcvd, 0/0 [0/0] messages rcvd/sent
	!	0/106 [7/592] voluntary/involuntary context switches
	! buffer usage stats:
	!	Shared blocks:          0 read,          0 written, buffer hit rate = 100.00%
	!	Local  blocks:          0 read,          0 written, buffer hit rate = 0.00%
	!	Direct blocks:          0 read,          0 written
STATEMENT:  SELECT * FROM raw_r_tuples r, raw_s_tuples s WHERE r.pkey = s.pkey;
LOG:  received smart shutdown request
LOG:  shutting down
LOG:  database system is shut down
